Library/Bee/Android/Prj/IL2CPP/Gradle/launcher/build/intermediates/manifest_merge_blame_file/release/manifest-merger-blame-release-report.txt
1<?xml version="1.0" encoding="utf-8"?>
2<manifest xmlns:android="http://schemas.android.com/apk/res/android"
3    package="com.DefaultCompany.ADTest"
4    android:installLocation="preferExternal"
5    android:versionCode="1"
6    android:versionName="1.0" >
7
8    <uses-sdk
9        android:minSdkVersion="22"
9-->src\main\AndroidManifest.xml
10        android:targetSdkVersion="30" />
10-->src\main\AndroidManifest.xml
11
12    <supports-screens
12-->src\main\AndroidManifest.xml:3:3-163
13        android:anyDensity="true"
13-->src\main\AndroidManifest.xml:3:135-160
14        android:largeScreens="true"
14-->src\main\AndroidManifest.xml:3:78-105
15        android:normalScreens="true"
15-->src\main\AndroidManifest.xml:3:49-77
16        android:smallScreens="true"
16-->src\main\AndroidManifest.xml:3:21-48
17        android:xlargeScreens="true" />
17-->src\main\AndroidManifest.xml:3:106-134
18
19    <uses-feature android:glEsVersion="0x00030000" />
19-->[:unityLibrary] AndroidManifest.xml:12:5-54
19-->[:unityLibrary] AndroidManifest.xml:12:19-51
20    <uses-feature
20-->[:unityLibrary] AndroidManifest.xml:13:5-15:36
21        android:name="android.hardware.vulkan.version"
21-->[:unityLibrary] AndroidManifest.xml:14:9-55
22        android:required="false" />
22-->[:unityLibrary] AndroidManifest.xml:15:9-33
23
24    <uses-permission android:name="android.permission.INTERNET" />
24-->[:unityLibrary] AndroidManifest.xml:17:5-67
24-->[:unityLibrary] AndroidManifest.xml:17:22-64
25
26    <uses-feature
26-->[:unityLibrary] AndroidManifest.xml:19:5-21:36
27        android:name="android.hardware.touchscreen"
27-->[:unityLibrary] AndroidManifest.xml:20:9-52
28        android:required="false" />
28-->[:unityLibrary] AndroidManifest.xml:21:9-33
29    <uses-feature
29-->[:unityLibrary] AndroidManifest.xml:22:5-24:36
30        android:name="android.hardware.touchscreen.multitouch"
30-->[:unityLibrary] AndroidManifest.xml:23:9-63
31        android:required="false" />
31-->[:unityLibrary] AndroidManifest.xml:24:9-33
32    <uses-feature
32-->[:unityLibrary] AndroidManifest.xml:25:5-27:36
33        android:name="android.hardware.touchscreen.multitouch.distinct"
33-->[:unityLibrary] AndroidManifest.xml:26:9-72
34        android:required="false" />
34-->[:unityLibrary] AndroidManifest.xml:27:9-33
35
36    <uses-permission android:name="android.permission.ACCESS_NETWORK_STATE" />
36-->[:UnityAds:] AndroidManifest.xml:9:5-79
36-->[:UnityAds:] AndroidManifest.xml:9:22-76
37    <uses-permission android:name="com.google.android.gms.permission.AD_ID" />
37-->[:UnityAds:] AndroidManifest.xml:11:5-79
37-->[:UnityAds:] AndroidManifest.xml:11:22-76
38
39    <application
39-->src\main\AndroidManifest.xml:4:3-83
40        android:appComponentFactory="androidx.core.app.CoreComponentFactory"
40-->[androidx.core:core:1.1.0] AndroidManifest.xml:24:18-86
41        android:extractNativeLibs="true"
41-->[:unityLibrary] AndroidManifest.xml:29:18-50
42        android:icon="@mipmap/app_icon"
42-->src\main\AndroidManifest.xml:4:49-80
43        android:label="@string/app_name" >
43-->src\main\AndroidManifest.xml:4:16-48
44        <activity
44-->[:unityLibrary] AndroidManifest.xml:30:9-50:20
45            android:name="com.unity3d.player.UnityPlayerActivity"
45-->[:unityLibrary] AndroidManifest.xml:31:13-66
46            android:configChanges="mcc|mnc|locale|touchscreen|keyboard|keyboardHidden|navigation|orientation|screenLayout|uiMode|screenSize|smallestScreenSize|fontScale|layoutDirection|density"
46-->[:unityLibrary] AndroidManifest.xml:32:13-194
47            android:hardwareAccelerated="true"
47-->[:unityLibrary] AndroidManifest.xml:33:13-47
48            android:launchMode="singleTask"
48-->[:unityLibrary] AndroidManifest.xml:34:13-44
49            android:resizeableActivity="false"
49-->[:unityLibrary] AndroidManifest.xml:35:13-47
50            android:screenOrientation="portrait"
50-->[:unityLibrary] AndroidManifest.xml:36:13-49
51            android:theme="@style/UnityThemeSelector" >
51-->[:unityLibrary] AndroidManifest.xml:37:13-54
52            <intent-filter>
52-->[:unityLibrary] AndroidManifest.xml:38:13-42:29
53                <action android:name="android.intent.action.MAIN" />
53-->[:unityLibrary] AndroidManifest.xml:39:17-69
53-->[:unityLibrary] AndroidManifest.xml:39:25-66
54
55                <category android:name="android.intent.category.LAUNCHER" />
55-->[:unityLibrary] AndroidManifest.xml:41:17-77
55-->[:unityLibrary] AndroidManifest.xml:41:27-74
56            </intent-filter>
57
58            <meta-data
58-->[:unityLibrary] AndroidManifest.xml:44:13-46:40
59                android:name="unityplayer.UnityActivity"
59-->[:unityLibrary] AndroidManifest.xml:45:17-57
60                android:value="true" />
60-->[:unityLibrary] AndroidManifest.xml:46:17-37
61            <meta-data
61-->[:unityLibrary] AndroidManifest.xml:47:13-49:40
62                android:name="android.notch_support"
62-->[:unityLibrary] AndroidManifest.xml:48:17-53
63                android:value="true" />
63-->[:unityLibrary] AndroidManifest.xml:49:17-37
64        </activity>
65
66        <meta-data
66-->[:unityLibrary] AndroidManifest.xml:52:9-54:33
67            android:name="unity.splash-mode"
67-->[:unityLibrary] AndroidManifest.xml:53:13-45
68            android:value="0" />
68-->[:unityLibrary] AndroidManifest.xml:54:13-30
69        <meta-data
69-->[:unityLibrary] AndroidManifest.xml:55:9-57:36
70            android:name="unity.splash-enable"
70-->[:unityLibrary] AndroidManifest.xml:56:13-47
71            android:value="True" />
71-->[:unityLibrary] AndroidManifest.xml:57:13-33
72        <meta-data
72-->[:unityLibrary] AndroidManifest.xml:58:9-60:36
73            android:name="unity.launch-fullscreen"
73-->[:unityLibrary] AndroidManifest.xml:59:13-51
74            android:value="True" />
74-->[:unityLibrary] AndroidManifest.xml:60:13-33
75        <meta-data
75-->[:unityLibrary] AndroidManifest.xml:61:9-63:37
76            android:name="unity.allow-resizable-window"
76-->[:unityLibrary] AndroidManifest.xml:62:13-56
77            android:value="False" />
77-->[:unityLibrary] AndroidManifest.xml:63:13-34
78        <meta-data
78-->[:unityLibrary] AndroidManifest.xml:64:9-66:50
79            android:name="notch.config"
79-->[:unityLibrary] AndroidManifest.xml:65:13-40
80            android:value="portrait|landscape" />
80-->[:unityLibrary] AndroidManifest.xml:66:13-47
81        <meta-data
81-->[:unityLibrary] AndroidManifest.xml:67:9-69:36
82            android:name="unity.auto-report-fully-drawn"
82-->[:unityLibrary] AndroidManifest.xml:68:13-57
83            android:value="true" />
83-->[:unityLibrary] AndroidManifest.xml:69:13-33
84
85        <activity
85-->[:UniWebView:] AndroidManifest.xml:10:9-12:77
86            android:name="com.onevcat.uniwebview.UniWebViewProxyActivity"
86-->[:UniWebView:] AndroidManifest.xml:11:13-74
87            android:configChanges="orientation|screenSize|keyboardHidden" />
87-->[:UniWebView:] AndroidManifest.xml:12:13-74
88
89        <provider
89-->[:UniWebView:] AndroidManifest.xml:14:9-22:20
90            android:name="com.onevcat.uniwebview.UniWebViewFileProvider"
90-->[:UniWebView:] AndroidManifest.xml:15:13-73
91            android:authorities="com.DefaultCompany.ADTest.uniwebview_fileprovider"
91-->[:UniWebView:] AndroidManifest.xml:16:13-75
92            android:exported="false"
92-->[:UniWebView:] AndroidManifest.xml:17:13-37
93            android:grantUriPermissions="true" >
93-->[:UniWebView:] AndroidManifest.xml:18:13-47
94            <meta-data
94-->[:UniWebView:] AndroidManifest.xml:19:13-21:63
95                android:name="android.support.FILE_PROVIDER_PATHS"
95-->[:UniWebView:] AndroidManifest.xml:20:17-67
96                android:resource="@xml/file_provider_paths" />
96-->[:UniWebView:] AndroidManifest.xml:21:17-60
97        </provider>
98
99        <activity
99-->[:UnityAds:] AndroidManifest.xml:14:9-18:74
100            android:name="com.unity3d.services.ads.adunit.AdUnitActivity"
100-->[:UnityAds:] AndroidManifest.xml:15:13-74
101            android:configChanges="fontScale|keyboard|keyboardHidden|locale|mnc|mcc|navigation|orientation|screenLayout|screenSize|smallestScreenSize|uiMode|touchscreen"
101-->[:UnityAds:] AndroidManifest.xml:16:13-170
102            android:hardwareAccelerated="true"
102-->[:UnityAds:] AndroidManifest.xml:17:13-47
103            android:theme="@android:style/Theme.NoTitleBar.Fullscreen" />
103-->[:UnityAds:] AndroidManifest.xml:18:13-71
104        <activity
104-->[:UnityAds:] AndroidManifest.xml:19:9-23:86
105            android:name="com.unity3d.services.ads.adunit.AdUnitTransparentActivity"
105-->[:UnityAds:] AndroidManifest.xml:20:13-85
106            android:configChanges="fontScale|keyboard|keyboardHidden|locale|mnc|mcc|navigation|orientation|screenLayout|screenSize|smallestScreenSize|uiMode|touchscreen"
106-->[:UnityAds:] AndroidManifest.xml:21:13-170
107            android:hardwareAccelerated="true"
107-->[:UnityAds:] AndroidManifest.xml:22:13-47
108            android:theme="@android:style/Theme.Translucent.NoTitleBar.Fullscreen" />
108-->[:UnityAds:] AndroidManifest.xml:23:13-83
109        <activity
109-->[:UnityAds:] AndroidManifest.xml:24:9-28:86
110            android:name="com.unity3d.services.ads.adunit.AdUnitTransparentSoftwareActivity"
110-->[:UnityAds:] AndroidManifest.xml:25:13-93
111            android:configChanges="fontScale|keyboard|keyboardHidden|locale|mnc|mcc|navigation|orientation|screenLayout|screenSize|smallestScreenSize|uiMode|touchscreen"
111-->[:UnityAds:] AndroidManifest.xml:26:13-170
112            android:hardwareAccelerated="false"
112-->[:UnityAds:] AndroidManifest.xml:27:13-48
113            android:theme="@android:style/Theme.Translucent.NoTitleBar.Fullscreen" />
113-->[:UnityAds:] AndroidManifest.xml:28:13-83
114        <activity
114-->[:UnityAds:] AndroidManifest.xml:29:9-33:74
115            android:name="com.unity3d.services.ads.adunit.AdUnitSoftwareActivity"
115-->[:UnityAds:] AndroidManifest.xml:30:13-82
116            android:configChanges="fontScale|keyboard|keyboardHidden|locale|mnc|mcc|navigation|orientation|screenLayout|screenSize|smallestScreenSize|uiMode|touchscreen"
116-->[:UnityAds:] AndroidManifest.xml:31:13-170
117            android:hardwareAccelerated="false"
117-->[:UnityAds:] AndroidManifest.xml:32:13-48
118            android:theme="@android:style/Theme.NoTitleBar.Fullscreen" />
118-->[:UnityAds:] AndroidManifest.xml:33:13-71
119    </application>
120
121</manifest>